Using pre-set license
Built from '2020.3/staging' branch; Version is '2020.3.38f1 (8f5fde82e2dc) revision 9396190'; Using compiler version '192528614'; Build Type 'Release'
OS: 'Windows 11  (10.0.22631) 64bit Core' Language: 'en' Physical Memory: 32604 MB
BatchMode: 1, IsHumanControllingUs: 0, StartBugReporterOnCrash: 0, Is64bit: 1, IsPro: 0

COMMAND LINE ARGUMENTS:
C:\Program Files\Unity\Hub\Editor\2020.3.38f1\Editor\Unity.exe
-adb2
-batchMode
-noUpm
-name
AssetImportWorker0
-projectPath
D:/GithubRepositories/ARCADE/ARCADEUnity
-logFile
Logs/AssetImportWorker0.log
-srvPort
52556
Successfully changed project path to: D:/GithubRepositories/ARCADE/ARCADEUnity
D:/GithubRepositories/ARCADE/ARCADEUnity
Using Asset Import Pipeline V2.
Refreshing native plugins compatible for Editor in 90.69 ms, found 26 plugins.
Preloading 1 native plugins for Editor in 0.83 ms.
Initialize engine version: 2020.3.38f1 (8f5fde82e2dc)
[Subsystems] Discovering subsystems at path C:/Program Files/Unity/Hub/Editor/2020.3.38f1/Editor/Data/Resources/UnitySubsystems
[Subsystems] Discovering subsystems at path D:/GithubRepositories/ARCADE/ARCADEUnity/Assets
GfxDevice: creating device client; threaded=0
Direct3D:
    Version:  Direct3D 11.0 [level 11.1]
    Renderer: NVIDIA GeForce RTX 3070 Laptop GPU (ID=0x249d)
    Vendor:   
    VRAM:     8020 MB
    Driver:   32.0.15.6081
Initialize mono
Mono path[0] = 'C:/Program Files/Unity/Hub/Editor/2020.3.38f1/Editor/Data/Managed'
Mono path[1] = 'C:/Program Files/Unity/Hub/Editor/2020.3.38f1/Editor/Data/MonoBleedingEdge/lib/mono/unityjit'
Mono config path = 'C:/Program Files/Unity/Hub/Editor/2020.3.38f1/Editor/Data/MonoBleedingEdge/etc'
Using monoOptions --debugger-agent=transport=dt_socket,embedding=1,server=y,suspend=n,address=127.0.0.1:56596
Begin MonoManager ReloadAssembly
Registering precompiled unity dll's ...
Register platform support module: C:/Program Files/Unity/Hub/Editor/2020.3.38f1/Editor/Data/PlaybackEngines/WindowsStandaloneSupport/UnityEditor.WindowsStandalone.Extensions.dll
Registered in 0.001392 seconds.
Native extension for WindowsStandalone target not found
Refreshing native plugins compatible for Editor in 78.65 ms, found 26 plugins.
Preloading 1 native plugins for Editor in 0.04 ms.
Mono: successfully reloaded assembly
- Completed reload, in  0.623 seconds
Domain Reload Profiling:
	ReloadAssembly (623ms)
		BeginReloadAssembly (58ms)
			ExecutionOrderSort (0ms)
			DisableScriptedObjects (0ms)
			BackupInstance (0ms)
			ReleaseScriptingObjects (0ms)
			CreateAndSetChildDomain (1ms)
		EndReloadAssembly (503ms)
			LoadAssemblies (57ms)
			RebuildTransferFunctionScriptingTraits (0ms)
			SetupTypeCache (180ms)
			ReleaseScriptCaches (0ms)
			RebuildScriptCaches (31ms)
			SetupLoadedEditorAssemblies (198ms)
				LogAssemblyErrors (0ms)
				InitializePlatformSupportModulesInManaged (4ms)
				SetLoadedEditorAssemblies (0ms)
				RefreshPlugins (79ms)
				BeforeProcessingInitializeOnLoad (14ms)
				ProcessInitializeOnLoadAttributes (76ms)
				ProcessInitializeOnLoadMethodAttributes (25ms)
				AfterProcessingInitializeOnLoad (0ms)
				EditorAssembliesLoaded (0ms)
			ExecutionOrderSort2 (0ms)
			AwakeInstancesAfterBackupRestoration (0ms)
Platform modules already initialized, skipping
Registering precompiled user dll's ...
Registered in 0.007358 seconds.
Begin MonoManager ReloadAssembly
Native extension for WindowsStandalone target not found
Refreshing native plugins compatible for Editor in 73.60 ms, found 26 plugins.
Preloading 1 native plugins for Editor in 0.04 ms.
Added DLL directory D:\GithubRepositories\ARCADE\ARCADEUnity\Assets\Packages\Microsoft.VCRTForwarders.140.1.0.5\Unity\x64 to the user search path.
UnityEngine.StackTraceUtility:ExtractStackTrace ()
UnityEngine.DebugLogHandler:LogFormat (UnityEngine.LogType,UnityEngine.Object,string,object[])
UnityEngine.Logger:Log (UnityEngine.LogType,object)
UnityEngine.Debug:Log (object)
InitVCRTForwarders:.cctor () (at Assets/Packages/Microsoft.VCRTForwarders.140.1.0.5/Unity/Editor/InitVCRTForwarders.cs:53)
System.Runtime.CompilerServices.RuntimeHelpers:RunClassConstructor (System.RuntimeTypeHandle)
UnityEditor.EditorAssemblies:ProcessInitializeOnLoadAttributes (System.Type[])

(Filename: Assets/Packages/Microsoft.VCRTForwarders.140.1.0.5/Unity/Editor/InitVCRTForwarders.cs Line: 53)

Added DLL directory D:\GithubRepositories\ARCADE\ARCADEUnity\Assets\Packages\Microsoft.MixedReality.QR.0.5.3037\Unity\x64 to the user search path.
UnityEngine.StackTraceUtility:ExtractStackTrace ()
UnityEngine.DebugLogHandler:LogFormat (UnityEngine.LogType,UnityEngine.Object,string,object[])
UnityEngine.Logger:Log (UnityEngine.LogType,object)
UnityEngine.Debug:Log (object)
Microsoft.MixedReality.QR.Init:.cctor () (at Assets/Packages/Microsoft.MixedReality.QR.0.5.3037/Unity/Editor/Microsoft.MixedReality.QR.Init.cs:60)
System.Runtime.CompilerServices.RuntimeHelpers:RunClassConstructor (System.RuntimeTypeHandle)
UnityEditor.EditorAssemblies:ProcessInitializeOnLoadAttributes (System.Type[])

(Filename: Assets/Packages/Microsoft.MixedReality.QR.0.5.3037/Unity/Editor/Microsoft.MixedReality.QR.Init.cs Line: 60)

Mono: successfully reloaded assembly
- Completed reload, in  1.911 seconds
Domain Reload Profiling:
	ReloadAssembly (1912ms)
		BeginReloadAssembly (130ms)
			ExecutionOrderSort (0ms)
			DisableScriptedObjects (4ms)
			BackupInstance (0ms)
			ReleaseScriptingObjects (0ms)
			CreateAndSetChildDomain (16ms)
		EndReloadAssembly (1731ms)
			LoadAssemblies (98ms)
			RebuildTransferFunctionScriptingTraits (0ms)
			SetupTypeCache (335ms)
			ReleaseScriptCaches (1ms)
			RebuildScriptCaches (64ms)
			SetupLoadedEditorAssemblies (1126ms)
				LogAssemblyErrors (0ms)
				InitializePlatformSupportModulesInManaged (3ms)
				SetLoadedEditorAssemblies (0ms)
				RefreshPlugins (74ms)
				BeforeProcessingInitializeOnLoad (110ms)
				ProcessInitializeOnLoadAttributes (870ms)
				ProcessInitializeOnLoadMethodAttributes (64ms)
				AfterProcessingInitializeOnLoad (5ms)
				EditorAssembliesLoaded (0ms)
			ExecutionOrderSort2 (0ms)
			AwakeInstancesAfterBackupRestoration (1ms)
Platform modules already initialized, skipping
========================================================================
Worker process is ready to serve import requests
Launched and connected shader compiler UnityShaderCompiler.exe after 0.03 seconds
Refreshing native plugins compatible for Editor in 1.28 ms, found 26 plugins.
Preloading 1 native plugins for Editor in 0.04 ms.
Unloading 4221 Unused Serialized files (Serialized files now loaded: 0)
System memory in use before: 158.5 MB.
System memory in use after: 158.7 MB.

Unloading 86 unused Assets to reduce memory usage. Loaded Objects now: 4644.
Total: 4.340300 ms (FindLiveObjects: 0.359300 ms CreateObjectMapping: 0.264200 ms MarkObjects: 3.582900 ms  DeleteObjects: 0.133100 ms)

AssetImportParameters requested are different than current active one (requested -> active):
  custom:framework-win-MediaFoundation: 216162199b28c13a410421893ffa2e32 -> 
  custom:video-decoder-ogg-theora: a1e56fd34408186e4bbccfd4996cb3dc -> 
  custom:container-muxer-webm: aa71ff27fc2769a1b78a27578f13a17b -> 
  custom:container-demuxer-webm: 4f35f7cbe854078d1ac9338744f61a02 -> 
  custom:container-demuxer-ogg: 62fdf1f143b41e24485cea50d1cbac27 -> 
  custom:video-encoder-webm-vp8: eb34c28f22e8b96e1ab97ce403110664 -> 
  custom:video-codec-MediaFoundation-h265: e54d7ab0439102e2317fc1e4b246158d -> 
  custom:video-decoder-webm-vp8: 9c59270c3fd7afecdb556c50c9e8de78 -> 
  custom:audio-decoder-ogg-vorbis: bf7c407c2cedff20999df2af8eb42d56 -> 
  custom:audio-encoder-webm-vorbis: bf7c407c2cedff20999df2af8eb42d56 -> 
========================================================================
Received Import Request.
  path: Assets/NuGet/Resources/defaultIcon.png
  artifactKey: Guid(eec19781926cd2248b7c9abfde8db555) Importer(815301076,1909f56bfc062723c751e8b465ee728b)
Start importing Assets/NuGet/Resources/defaultIcon.png using Guid(eec19781926cd2248b7c9abfde8db555) Importer(815301076,1909f56bfc062723c751e8b465ee728b)  -> (artifact id: 'b6a29f54be7692d6c15dc28fa0d4960c') in 0.114145 seconds 
========================================================================
Received Import Request.
  Time since last request: 0.943881 seconds.
  path: Assets/Packages/Microsoft.MixedReality.QR.0.5.3037
  artifactKey: Guid(c7ea41a2702213c4d94d75030a2eed7b) Importer(815301076,1909f56bfc062723c751e8b465ee728b)
Start importing Assets/Packages/Microsoft.MixedReality.QR.0.5.3037 using Guid(c7ea41a2702213c4d94d75030a2eed7b) Importer(815301076,1909f56bfc062723c751e8b465ee728b)  -> (artifact id: 'e84658a15b56b0e6af16b4a3ffb5b738') in 0.006489 seconds 
========================================================================
Received Import Request.
  Time since last request: 1.666395 seconds.
  path: Assets/Packages/Microsoft.MixedReality.QR.0.5.3037/lib
  artifactKey: Guid(64a8e97c1ae8c4c47ab7c4d8ca29d25f) Importer(815301076,1909f56bfc062723c751e8b465ee728b)
Start importing Assets/Packages/Microsoft.MixedReality.QR.0.5.3037/lib using Guid(64a8e97c1ae8c4c47ab7c4d8ca29d25f) Importer(815301076,1909f56bfc062723c751e8b465ee728b)  -> (artifact id: '378b988558b74aa750915c52d3b9e221') in 0.009128 seconds 
========================================================================
Received Import Request.
  Time since last request: 0.588709 seconds.
  path: Assets/Packages/Microsoft.MixedReality.QR.0.5.3037/lib/unity
  artifactKey: Guid(583917e35971e31478e5839d1449009d) Importer(815301076,1909f56bfc062723c751e8b465ee728b)
Start importing Assets/Packages/Microsoft.MixedReality.QR.0.5.3037/lib/unity using Guid(583917e35971e31478e5839d1449009d) Importer(815301076,1909f56bfc062723c751e8b465ee728b)  -> (artifact id: '8f182e2fcd2bd8b911c453d69feb20a6') in 0.007718 seconds 
========================================================================
Received Import Request.
  Time since last request: 1.060022 seconds.
  path: Assets/Packages/Microsoft.MixedReality.QR.0.5.3037/lib/unity/net46
  artifactKey: Guid(15f0b2e198e24c245a27cfa1282249e2) Importer(815301076,1909f56bfc062723c751e8b465ee728b)
Start importing Assets/Packages/Microsoft.MixedReality.QR.0.5.3037/lib/unity/net46 using Guid(15f0b2e198e24c245a27cfa1282249e2) Importer(815301076,1909f56bfc062723c751e8b465ee728b)  -> (artifact id: '90a086cc070686883e20a0ebfe073e9d') in 0.009203 seconds 
========================================================================
Received Import Request.
  Time since last request: 0.918997 seconds.
  path: Assets/Packages/Microsoft.MixedReality.QR.0.5.3037/lib/unity/netstandard2.0
  artifactKey: Guid(6f549dfe4b058ff4c956f420ee1d3a86) Importer(815301076,1909f56bfc062723c751e8b465ee728b)
Start importing Assets/Packages/Microsoft.MixedReality.QR.0.5.3037/lib/unity/netstandard2.0 using Guid(6f549dfe4b058ff4c956f420ee1d3a86) Importer(815301076,1909f56bfc062723c751e8b465ee728b)  -> (artifact id: 'b578c63a87e88741c44e61a3ec20591a') in 0.008753 seconds 
AssetImportWorkerClient::OnTransportError - code=2 error=End of file
